2023-11-17T12:32:08.585Z [test] info: 
Webhook Triggered on:==> http://localhost:3005


2023-11-17T12:32:08.762Z [test] info: Response from Webhook:==>
 {"message":{"ack":{"status":"ACK"}}}
With Data
{"context":{"ttl":"PT10M","action":"search","timestamp":"2023-11-17T12:31:55.861Z","message_id":"a16a1547-48f1-422e-a113-e41f960a1e5f","transaction_id":"bdb5ba09-2241-4f00-b434-73466cd06228","domain":"dsep:talent","version":"1.1.0","bap_id":"mulearn-jenin-bap","bap_uri":"https://mulearn-jenin-bap.loca.lt","location":{"country":{"name":"India","code":"IND"},"city":{"name":"Bangalore","code":"std:080"}}},"message":{"intent":{"item":{"descriptor":{"name":"man"}}}}}


2023-11-17T12:32:10.812Z [test] info: Signing String:==>
(created): 1700224270
(expires): 1700227870
digest: BLAKE-512=v9WUu5KbZvk8+HDmhy+S3ZqWtejL3NRaCFhjNWWEDN8/2uLyJ/+Igz9UK3bZmexgvXc/3KeXeewNq0+C9xaquA==


2023-11-17T12:32:10.816Z [test] info: Axios Config for Request:
{"headers":{"authorization":"Signature keyId=\"mulearn-deva-bpp|mulearn-deva-bpp-key|ed25519\",algorithm=\"ed25519\",created=\"1700224270\",expires=\"1700227870\",headers=\"(created) (expires) digest\",signature=\"HejwcVv5TYyn8hJL/BerMW8u0gZtvFvSMf5w+UuWOjCPhAztXDjXYl8MXkjQtY/C8mZFydUY9QlNfBsJdsYRBg==\""},"timeout":3000}


2023-11-17T12:32:10.831Z [test] info: returning response from cache
2023-11-17T12:32:10.833Z [test] info: cachedResponse: [{"subscriber_id":"mulearn-deva-bpp","subscriber_url":"https://mulearn-deva-bpp.loca.lt","type":"BPP","signing_public_key":"37NJsKKwEYVHs71CdM7yBYJpTaS/qhHkd3sNej4lKWE=","valid_until":"2024-12-30T21:16:00.000Z"}]
2023-11-17T12:40:09.562Z [test] info: 
Webhook Triggered on:==> http://localhost:3005


2023-11-17T12:40:09.653Z [test] info: Response from Webhook:==>
 {"message":{"ack":{"status":"ACK"}}}
With Data
{"context":{"ttl":"PT10M","action":"search","timestamp":"2023-11-17T12:39:55.531Z","message_id":"29ea6607-059b-4686-8147-c69c9025aed5","transaction_id":"bdb5ba09-2241-4f00-b434-73466cd06228","domain":"dsep:talent","version":"1.1.0","bap_id":"mulearn-jenin-bap","bap_uri":"https://mulearn-jenin-bap.loca.lt","location":{"country":{"name":"India","code":"IND"},"city":{"name":"Bangalore","code":"std:080"}}},"message":{"intent":{"item":{"descriptor":{"name":"man"}}}}}


2023-11-17T12:40:11.814Z [test] info: Signing String:==>
(created): 1700224751
(expires): 1700228351
digest: BLAKE-512=1/VQf/jSpzF26CgEE3WU1+rkUEbNcvf7CM0S3mCN9ZsQ6V/QlbnDVl8sgY91Tih2oANTbhuBK6fLd2xf+Vt9kw==


2023-11-17T12:40:11.817Z [test] info: Axios Config for Request:
{"headers":{"authorization":"Signature keyId=\"mulearn-deva-bpp|mulearn-deva-bpp-key|ed25519\",algorithm=\"ed25519\",created=\"1700224751\",expires=\"1700228351\",headers=\"(created) (expires) digest\",signature=\"itk6YA0n0sMfTbFa1XYxoqOASSZtjoYm/SUZGgnJSUalZoqfRagqQBVLOtvEIveiLWXKozhGVdoXgwKxersNBA==\""},"timeout":3000}


2023-11-17T12:40:11.826Z [test] info: returning response from cache
2023-11-17T12:40:11.827Z [test] info: cachedResponse: [{"subscriber_id":"mulearn-deva-bpp","subscriber_url":"https://mulearn-deva-bpp.loca.lt","type":"BPP","signing_public_key":"37NJsKKwEYVHs71CdM7yBYJpTaS/qhHkd3sNej4lKWE=","valid_until":"2024-12-30T21:16:00.000Z"}]
2023-11-17T12:41:03.022Z [test] info: 
Webhook Triggered on:==> http://localhost:3005


2023-11-17T12:41:03.086Z [test] info: Response from Webhook:==>
 {"message":{"ack":{"status":"ACK"}}}
With Data
{"context":{"ttl":"PT10M","action":"search","timestamp":"2023-11-17T12:40:42.012Z","message_id":"237d1fed-5183-4408-b1fa-5125d1b8bc36","transaction_id":"bdb5ba09-2241-4f00-b434-73466cd06228","domain":"dsep:talent","version":"1.1.0","bap_id":"mulearn-jenin-bap","bap_uri":"https://mulearn-jenin-bap.loca.lt","location":{"country":{"name":"India","code":"IND"},"city":{"name":"Bangalore","code":"std:080"}}},"message":{"intent":{"item":{"descriptor":{"name":"man"}}}}}


2023-11-17T12:41:05.205Z [test] info: Signing String:==>
(created): 1700224805
(expires): 1700228405
digest: BLAKE-512=arheerud+fQl3oftzqTOKYmfRU281cp6PNl4aru8dWb1I0Fkq9pqr+uzho8zuVscX3pV2hXcWSVJe/6BjmcbXA==


2023-11-17T12:41:05.208Z [test] info: Axios Config for Request:
{"headers":{"authorization":"Signature keyId=\"mulearn-deva-bpp|mulearn-deva-bpp-key|ed25519\",algorithm=\"ed25519\",created=\"1700224805\",expires=\"1700228405\",headers=\"(created) (expires) digest\",signature=\"31ALx6t+RgpjX7q4Y8MnSaQ29oZdPHctZZG1vXOGeIACvEHBXnFn0tQTwsM3b+n3vEGctG6+TiGsZwITI0ChBg==\""},"timeout":3000}


2023-11-17T12:41:05.218Z [test] info: returning response from cache
2023-11-17T12:41:05.220Z [test] info: cachedResponse: [{"subscriber_id":"mulearn-deva-bpp","subscriber_url":"https://mulearn-deva-bpp.loca.lt","type":"BPP","signing_public_key":"37NJsKKwEYVHs71CdM7yBYJpTaS/qhHkd3sNej4lKWE=","valid_until":"2024-12-30T21:16:00.000Z"}]
2023-11-17T12:41:40.613Z [test] info: 
Webhook Triggered on:==> http://localhost:3005


2023-11-17T12:41:40.641Z [test] info: Response from Webhook:==>
 {"message":{"ack":{"status":"ACK"}}}
With Data
{"context":{"ttl":"PT10M","action":"search","timestamp":"2023-11-17T12:41:30.557Z","message_id":"b569dc55-3529-4fdc-a01e-81eac3531e9d","transaction_id":"bdb5ba09-2241-4f00-b434-73466cd06228","domain":"dsep:talent","version":"1.1.0","bap_id":"mulearn-deva-bap","bap_uri":"https://mulearn-deva-bap.loca.lt","location":{"country":{"name":"India","code":"IND"},"city":{"name":"Bangalore","code":"std:080"}}},"message":{"intent":{"item":{"tags":[{"descriptor":{"name":"skills"},"list":[{"value":"Agile"},{"value":"Figma"}],"display":true}]}}}}


2023-11-17T12:41:42.666Z [test] info: Signing String:==>
(created): 1700224842
(expires): 1700228442
digest: BLAKE-512=P209wV2EiUdwFuwALY7hye2lfqpie2S6BsfDNq9if5Yq6ja+x0bcU6P4F6tylLk8OvdTXK2lHSRbfGA5ei0whQ==


2023-11-17T12:41:42.670Z [test] info: Axios Config for Request:
{"headers":{"authorization":"Signature keyId=\"mulearn-deva-bpp|mulearn-deva-bpp-key|ed25519\",algorithm=\"ed25519\",created=\"1700224842\",expires=\"1700228442\",headers=\"(created) (expires) digest\",signature=\"caS+SGfRwmzRaJOzddbDmf51xUgj06JGnvVKPd+4RruYOmvYVbTsAVtWMoZzWtv1qlWdJ0CCFA2W34kfzyQzBQ==\""},"timeout":3000}


2023-11-17T12:41:42.684Z [test] info: returning response from cache
2023-11-17T12:41:42.685Z [test] info: cachedResponse: [{"subscriber_id":"mulearn-deva-bpp","subscriber_url":"https://mulearn-deva-bpp.loca.lt","type":"BPP","signing_public_key":"37NJsKKwEYVHs71CdM7yBYJpTaS/qhHkd3sNej4lKWE=","valid_until":"2024-12-30T21:16:00.000Z"}]
2023-11-17T12:44:44.012Z [test] info: 
Webhook Triggered on:==> http://localhost:3005


2023-11-17T12:44:44.067Z [test] info: Response from Webhook:==>
 {"message":{"ack":{"status":"ACK"}}}
With Data
{"context":{"ttl":"PT10M","action":"search","timestamp":"2023-11-17T12:44:34.817Z","message_id":"b698add7-8bc7-43da-b74e-f1989d63142c","transaction_id":"bdb5ba09-2241-4f00-b434-73466cd06228","domain":"dsep:talent","version":"1.1.0","bap_id":"mulearn-deva-bap","bap_uri":"https://mulearn-deva-bap.loca.lt","location":{"country":{"name":"India","code":"IND"},"city":{"name":"Bangalore","code":"std:080"}}},"message":{"intent":{"item":{"tags":[{"descriptor":{"name":"skills"},"list":[{"value":"Agile"},{"value":"Figma"}],"display":true}]}}}}


2023-11-17T12:44:46.167Z [test] info: Signing String:==>
(created): 1700225026
(expires): 1700228626
digest: BLAKE-512=jTPwRvq8I4/97m88pKLGBCQx5Uu6Si91HdukKaNLPlgSExMJ22ZLTxomNKOYdghYrDtt3BBsbEO8SC0Ji71spA==


2023-11-17T12:44:46.169Z [test] info: Axios Config for Request:
{"headers":{"authorization":"Signature keyId=\"mulearn-deva-bpp|mulearn-deva-bpp-key|ed25519\",algorithm=\"ed25519\",created=\"1700225026\",expires=\"1700228626\",headers=\"(created) (expires) digest\",signature=\"dLwobp6+VRmmsyy1kUf9ASXIfXY4NGw+rjfKJkged8OYJt/P8zsrHIZQsDk8dI/tTmdTTVmIRhCnW8IM+FcVAg==\""},"timeout":3000}


2023-11-17T12:44:46.177Z [test] info: returning response from cache
2023-11-17T12:44:46.178Z [test] info: cachedResponse: [{"subscriber_id":"mulearn-deva-bpp","subscriber_url":"https://mulearn-deva-bpp.loca.lt","type":"BPP","signing_public_key":"37NJsKKwEYVHs71CdM7yBYJpTaS/qhHkd3sNej4lKWE=","valid_until":"2024-12-30T21:16:00.000Z"}]
2023-11-17T12:46:09.065Z [test] info: 
Webhook Triggered on:==> http://localhost:3005


2023-11-17T12:46:09.084Z [test] info: Response from Webhook:==>
 {"message":{"ack":{"status":"ACK"}}}
With Data
{"context":{"ttl":"PT10M","action":"search","timestamp":"2023-11-17T12:45:54.021Z","message_id":"51ae4c74-837c-439c-8593-6a40f1b8793c","transaction_id":"bdb5ba09-2241-4f00-b434-73466cd06228","domain":"dsep:talent","version":"1.1.0","bap_id":"mulearn-jenin-bap","bap_uri":"https://mulearn-jenin-bap.loca.lt","location":{"country":{"name":"India","code":"IND"},"city":{"name":"Bangalore","code":"std:080"}}},"message":{"intent":{"item":{"descriptor":{"name":"man"}}}}}


2023-11-17T12:46:11.167Z [test] info: Signing String:==>
(created): 1700225111
(expires): 1700228711
digest: BLAKE-512=OcIorxWOe23P45EqzzCZ645JrcM/sfI8wyybN0HmNfuvipHMFdNki+ZEpS9z+rgjOaxqNKSxrXHpRT7zxBHpLg==


2023-11-17T12:46:11.170Z [test] info: Axios Config for Request:
{"headers":{"authorization":"Signature keyId=\"mulearn-deva-bpp|mulearn-deva-bpp-key|ed25519\",algorithm=\"ed25519\",created=\"1700225111\",expires=\"1700228711\",headers=\"(created) (expires) digest\",signature=\"NAbefabjHhG4m/GiaqshjIefGTsSNSKukrk2YL8AsTSwlhQ0mR0yb5fabZzblL+wl4ASAhtR+XkAbeN8HjB3Dw==\""},"timeout":3000}


2023-11-17T12:46:11.192Z [test] info: returning response from cache
2023-11-17T12:46:11.194Z [test] info: cachedResponse: [{"subscriber_id":"mulearn-deva-bpp","subscriber_url":"https://mulearn-deva-bpp.loca.lt","type":"BPP","signing_public_key":"37NJsKKwEYVHs71CdM7yBYJpTaS/qhHkd3sNej4lKWE=","valid_until":"2024-12-30T21:16:00.000Z"}]
2023-11-17T12:47:12.464Z [test] info: MQ Client Connected For: 127.0.0.1
2023-11-17T12:47:16.270Z [test] info: Mongo Client Connected For DB: ps
2023-11-17T12:47:16.274Z [test] info: Redis Client Connected For DB: 11
2023-11-17T12:47:16.276Z [test] info: Lookup Cache Initialized...
2023-11-17T12:47:16.279Z [test] info: Redis Client Connected For DB: 12
2023-11-17T12:47:16.281Z [test] info: Request Cache Initialized...
2023-11-17T12:47:20.513Z [test] info: Protocol Server started on PORT : 5004
2023-11-17T12:47:20.514Z [test] info: Protocol Server Started Successfully
2023-11-17T12:47:20.516Z [test] info: Mode: BPP
2023-11-17T12:47:20.517Z [test] info: Gateway Type: CLIENT
2023-11-17T13:05:36.766Z [test] info: MQ Client Connected For: 127.0.0.1
2023-11-17T13:05:36.828Z [test] info: Mongo Client Connected For DB: ps
2023-11-17T13:05:36.829Z [test] info: Redis Client Connected For DB: 11
2023-11-17T13:05:36.831Z [test] info: Lookup Cache Initialized...
2023-11-17T13:05:36.832Z [test] info: Redis Client Connected For DB: 12
2023-11-17T13:05:36.833Z [test] info: Request Cache Initialized...
2023-11-17T13:05:38.459Z [test] info: Protocol Server started on PORT : 5004
2023-11-17T13:05:38.461Z [test] info: Protocol Server Started Successfully
2023-11-17T13:05:38.462Z [test] info: Mode: BPP
2023-11-17T13:05:38.462Z [test] info: Gateway Type: CLIENT
2023-11-17T13:06:10.587Z [test] info: 
Webhook Triggered on:==> http://localhost:3005


2023-11-17T13:06:10.652Z [test] info: Response from Webhook:==>
 {"message":{"ack":{"status":"ACK"}}}
With Data
{"context":{"ttl":"PT10M","action":"search","timestamp":"2023-11-17T13:06:02.979Z","message_id":"b2068811-422c-43e6-af32-81cc62038e5a","transaction_id":"bdb5ba09-2241-4f00-b434-73466cd06228","domain":"dsep:talent","version":"1.1.0","bap_id":"mulearn-deva-bap","bap_uri":"https://mulearn-deva-bap.loca.lt","location":{"country":{"name":"India","code":"IND"},"city":{"name":"Bangalore","code":"std:080"}}},"message":{"intent":{"item":{"tags":[{"descriptor":{"name":"skills"},"list":[{"value":"Agile"},{"value":"Figma"}],"display":true}]}}}}


2023-11-17T13:06:12.735Z [test] info: Signing String:==>
(created): 1700226312
(expires): 1700229912
digest: BLAKE-512=oL4C0rH/Es2pUjNkxHOhOhnhE655QJJdq1qssyDQKhIz32Ab/poERAohv+V5RDBEO+o3CM0W9EuIcwsLi2KwXg==


2023-11-17T13:06:12.739Z [test] info: Axios Config for Request:
{"headers":{"authorization":"Signature keyId=\"mulearn-deva-bpp|mulearn-deva-bpp-key|ed25519\",algorithm=\"ed25519\",created=\"1700226312\",expires=\"1700229912\",headers=\"(created) (expires) digest\",signature=\"0UcHehFogaAAx+6CUtSPNXXKD2b48oWOjLHM2EbHw1lFA6kNmDv8SHK3/agbqO6Ki9N2Q5G+wNjLxOf578+CBQ==\""},"timeout":3000}


2023-11-17T13:06:12.744Z [test] info: returning response from cache
2023-11-17T13:06:12.745Z [test] info: cachedResponse: [{"subscriber_id":"mulearn-deva-bpp","subscriber_url":"https://mulearn-deva-bpp.loca.lt","type":"BPP","signing_public_key":"37NJsKKwEYVHs71CdM7yBYJpTaS/qhHkd3sNej4lKWE=","valid_until":"2024-12-30T21:16:00.000Z"}]
